  ACLwidget.cpp
ACLwidget.cpp(422): warning C4305: 'argument': truncation from 'double' to 'float'
ACLwidget.cpp(423): warning C4305: 'argument': truncation from 'double' to 'float'
ACLwidget.cpp(428): warning C4305: 'argument': truncation from 'double' to 'float'
ACLwidget.cpp(429): warning C4305: 'argument': truncation from 'double' to 'float'
ACLwidget.cpp(499): warning C4305: 'argument': truncation from 'double' to 'float'
ACLwidget.cpp(500): warning C4305: 'argument': truncation from 'double' to 'float'
ACLwidget.cpp(505): warning C4305: 'argument': truncation from 'double' to 'float'
ACLwidget.cpp(506): warning C4305: 'argument': truncation from 'double' to 'float'
ACLwidget.cpp(586): warning C4305: 'argument': truncation from 'double' to 'float'
ACLwidget.cpp(587): warning C4305: 'argument': truncation from 'double' to 'float'
ACLwidget.cpp(588): warning C4305: 'argument': truncation from 'double' to 'float'
ACLwidget.cpp(589): warning C4305: 'argument': truncation from 'double' to 'float'
ACLwidget.cpp(628): warning C4305: 'argument': truncation from 'double' to 'float'
ACLwidget.cpp(629): warning C4305: 'argument': truncation from 'double' to 'float'
ACLwidget.cpp(647): warning C4305: 'argument': truncation from 'double' to 'float'
ACLwidget.cpp(648): warning C4305: 'argument': truncation from 'double' to 'float'
ACLwidget.cpp(673): warning C4305: 'argument': truncation from 'double' to 'float'
ACLwidget.cpp(674): warning C4305: 'argument': truncation from 'double' to 'float'
ACLwidget.cpp(692): warning C4305: 'argument': truncation from 'double' to 'float'
ACLwidget.cpp(693): warning C4305: 'argument': truncation from 'double' to 'float'
ACLwidget.cpp(879): warning C4100: 'event': unreferenced formal parameter
ACLwidget.cpp(920): warning C4305: 'argument': truncation from 'double' to 'float'
ACLwidget.cpp(921): warning C4305: 'argument': truncation from 'double' to 'float'
ACLwidget.cpp(925): warning C4305: 'argument': truncation from 'double' to 'float'
ACLwidget.cpp(926): warning C4305: 'argument': truncation from 'double' to 'float'
ACLwidget.cpp(941): warning C4305: 'argument': truncation from 'double' to 'float'
ACLwidget.cpp(942): warning C4305: 'argument': truncation from 'double' to 'float'
ACLwidget.cpp(946): warning C4305: 'argument': truncation from 'double' to 'float'
ACLwidget.cpp(947): warning C4305: 'argument': truncation from 'double' to 'float'
ACLwidget.cpp(954): warning C4305: 'argument': truncation from 'double' to 'float'
ACLwidget.cpp(955): warning C4305: 'argument': truncation from 'double' to 'float'
ACLwidget.cpp(956): warning C4305: 'argument': truncation from 'double' to 'float'
ACLwidget.cpp(957): warning C4305: 'argument': truncation from 'double' to 'float'
ACLwidget.cpp(972): warning C4305: 'argument': truncation from 'double' to 'float'
ACLwidget.cpp(973): warning C4305: 'argument': truncation from 'double' to 'float'
ACLwidget.cpp(974): warning C4305: 'argument': truncation from 'double' to 'float'
ACLwidget.cpp(975): warning C4305: 'argument': truncation from 'double' to 'float'
ACLwidget.cpp(1008): warning C4305: 'argument': truncation from 'double' to 'float'
ACLwidget.cpp(1009): warning C4305: 'argument': truncation from 'double' to 'float'
ACLwidget.cpp(1013): warning C4305: 'argument': truncation from 'double' to 'float'
ACLwidget.cpp(1014): warning C4305: 'argument': truncation from 'double' to 'float'
ACLwidget.cpp(1031): warning C4305: 'argument': truncation from 'double' to 'float'
ACLwidget.cpp(1032): warning C4305: 'argument': truncation from 'double' to 'float'
ACLwidget.cpp(1036): warning C4305: 'argument': truncation from 'double' to 'float'
ACLwidget.cpp(1037): warning C4305: 'argument': truncation from 'double' to 'float'
ACLwidget.cpp(1044): warning C4305: 'argument': truncation from 'double' to 'float'
ACLwidget.cpp(1045): warning C4305: 'argument': truncation from 'double' to 'float'
ACLwidget.cpp(1046): warning C4305: 'argument': truncation from 'double' to 'float'
ACLwidget.cpp(1047): warning C4305: 'argument': truncation from 'double' to 'float'
ACLwidget.cpp(1062): warning C4305: 'argument': truncation from 'double' to 'float'
ACLwidget.cpp(1063): warning C4305: 'argument': truncation from 'double' to 'float'
ACLwidget.cpp(1064): warning C4305: 'argument': truncation from 'double' to 'float'
ACLwidget.cpp(1065): warning C4305: 'argument': truncation from 'double' to 'float'
ACLwidget.cpp(1416): warning C4101: 'alpha': unreferenced local variable
ACLwidget.cpp(1415): warning C4101: 'k0': unreferenced local variable
ACLwidget.cpp(1463): warning C4267: 'argument': conversion from 'size_t' to 'int', possible loss of data
ACLwidget.cpp(1472): warning C4267: 'argument': conversion from 'size_t' to 'int', possible loss of data
ACLwidget.cpp(1668): warning C4267: 'initializing': conversion from 'size_t' to 'int', possible loss of data
ACLwidget.cpp(1670): warning C4267: 'initializing': conversion from 'size_t' to 'int', possible loss of data
ACLwidget.cpp(4647): warning C4305: 'argument': truncation from 'double' to 'float'
ACLwidget.cpp(4648): warning C4305: 'argument': truncation from 'double' to 'float'
ACLwidget.cpp(4652): warning C4305: 'argument': truncation from 'double' to 'float'
ACLwidget.cpp(4653): warning C4305: 'argument': truncation from 'double' to 'float'
  navilabel.cpp
navilabel.cpp(61): warning C4100: 'event': unreferenced formal parameter
  Generating Code...
  ACL.vcxproj -> C:\Demo\ACLRecontructQt_Cmake\SCR\debug\ACLReconstruction.exe
  ACL.vcxproj -> debug\ACLReconstruction.pdb (Full PDB)
