e:\buaa\aclrecontructqt_cmake\scr\x64\debug\vc140.pdb
e:\buaa\aclrecontructqt_cmake\scr\x64\debug\moc_widget.obj
e:\buaa\aclrecontructqt_cmake\scr\x64\debug\moc_ur_class_test.obj
e:\buaa\aclrecontructqt_cmake\scr\x64\debug\moc_thread_get_ndi_marker.obj
e:\buaa\aclrecontructqt_cmake\scr\x64\debug\moc_mythread.obj
e:\buaa\aclrecontructqt_cmake\scr\x64\debug\moc_lassowidget.obj
e:\buaa\aclrecontructqt_cmake\scr\x64\debug\moc_imagescene_tibia_lat.obj
e:\buaa\aclrecontructqt_cmake\scr\x64\debug\moc_imagescene_tibia_ap.obj
e:\buaa\aclrecontructqt_cmake\scr\x64\debug\moc_imagescene_femur_lat.obj
e:\buaa\aclrecontructqt_cmake\scr\x64\debug\moc_imagescene_femur_ap.obj
e:\buaa\aclrecontructqt_cmake\scr\x64\debug\moc_imagescene_camera.obj
e:\buaa\aclrecontructqt_cmake\scr\x64\debug\moc_imagescene.obj
e:\buaa\aclrecontructqt_cmake\scr\x64\debug\moc_filesystemwatcher.obj
e:\buaa\aclrecontructqt_cmake\scr\x64\debug\moc_dialog_setting.obj
e:\buaa\aclrecontructqt_cmake\scr\x64\debug\moc_capturevideowidget.obj
e:\buaa\aclrecontructqt_cmake\scr\x64\debug\moc_aclwidget.obj
e:\buaa\aclrecontructqt_cmake\scr\x64\debug\imagerectify.obj
e:\buaa\aclrecontructqt_cmake\scr\x64\debug\dxspatialmatching.obj
e:\buaa\aclrecontructqt_cmake\scr\x64\debug\dxpoint.obj
e:\buaa\aclrecontructqt_cmake\scr\x64\debug\dxmath.obj
e:\buaa\aclrecontructqt_cmake\scr\x64\debug\aclwidget.obj
e:\buaa\aclrecontructqt_cmake\scr\x64\debug\widget.obj
e:\buaa\aclrecontructqt_cmake\scr\x64\debug\ur_class_test.obj
e:\buaa\aclrecontructqt_cmake\scr\x64\debug\thread_get_ndi_marker.obj
e:\buaa\aclrecontructqt_cmake\scr\x64\debug\tablesketch_item.obj
e:\buaa\aclrecontructqt_cmake\scr\x64\debug\socket.obj
e:\buaa\aclrecontructqt_cmake\scr\x64\debug\needle.obj
e:\buaa\aclrecontructqt_cmake\scr\x64\debug\mythread.obj
e:\buaa\aclrecontructqt_cmake\scr\x64\debug\main.obj
e:\buaa\aclrecontructqt_cmake\scr\x64\debug\lassowidget.obj
e:\buaa\aclrecontructqt_cmake\scr\x64\debug\imagescene_femur_lat.obj
e:\buaa\aclrecontructqt_cmake\scr\x64\debug\imagescene_femur_ap.obj
e:\buaa\aclrecontructqt_cmake\scr\x64\debug\imagescene_tibia_lat.obj
e:\buaa\aclrecontructqt_cmake\scr\x64\debug\imagescene_tibia_ap.obj
e:\buaa\aclrecontructqt_cmake\scr\x64\debug\dialog_setting.obj
e:\buaa\aclrecontructqt_cmake\scr\x64\debug\capturevideowidget.obj
e:\buaa\aclrecontructqt_cmake\scr\x64\debug\ur_interface.obj
e:\buaa\aclrecontructqt_cmake\scr\x64\debug\navilabel.obj
e:\buaa\aclrecontructqt_cmake\scr\x64\debug\imagescene_camera.obj
e:\buaa\aclrecontructqt_cmake\scr\x64\debug\imagescene.obj
e:\buaa\aclrecontructqt_cmake\scr\x64\debug\filesystemwatcher.obj
e:\buaa\aclrecontructqt_cmake\scr\x64\debug\qrc_resources.obj
e:\buaa\aclrecontructqt_cmake\scr\debug\moc_imagescene.cpp
e:\buaa\aclrecontructqt_cmake\scr\debug\moc_filesystemwatcher.cpp
e:\buaa\aclrecontructqt_cmake\scr\debug\moc_imagescene_camera.cpp
e:\buaa\aclrecontructqt_cmake\scr\debug\moc_dialog_setting.cpp
e:\buaa\aclrecontructqt_cmake\scr\debug\moc_imagescene_tibia_ap.cpp
e:\buaa\aclrecontructqt_cmake\scr\debug\moc_imagescene_tibia_lat.cpp
e:\buaa\aclrecontructqt_cmake\scr\debug\moc_imagescene_femur_ap.cpp
e:\buaa\aclrecontructqt_cmake\scr\debug\moc_imagescene_femur_lat.cpp
e:\buaa\aclrecontructqt_cmake\scr\debug\moc_lassowidget.cpp
e:\buaa\aclrecontructqt_cmake\scr\debug\moc_mythread.cpp
e:\buaa\aclrecontructqt_cmake\scr\debug\moc_thread_get_ndi_marker.cpp
e:\buaa\aclrecontructqt_cmake\scr\debug\moc_ur_class_test.cpp
e:\buaa\aclrecontructqt_cmake\scr\debug\moc_widget.cpp
e:\buaa\aclrecontructqt_cmake\scr\generatedfiles\ui_carmwidget.h
e:\buaa\aclrecontructqt_cmake\scr\generatedfiles\ui_capturevideowidget.h
e:\buaa\aclrecontructqt_cmake\scr\generatedfiles\ui_dialog_setting.h
e:\buaa\aclrecontructqt_cmake\scr\generatedfiles\ui_ur_class_test.h
e:\buaa\aclrecontructqt_cmake\scr\generatedfiles\qrc_resources.cpp
e:\buaa\aclrecontructqt_cmake\scr\debug\moc_aclwidget.cpp
e:\buaa\aclrecontructqt_cmake\scr\generatedfiles\ui_aclwidget.h
e:\buaa\aclrecontructqt_cmake\scr\debug\moc_capturevideowidget.cpp
e:\buaa\aclrecontructqt_cmake\scr\debug\aclreconstruction.ilk
e:\buaa\aclrecontructqt_cmake\scr\debug\aclreconstruction.exe
e:\buaa\aclrecontructqt_cmake\scr\debug\aclreconstruction.pdb
e:\buaa\aclrecontructqt_cmake\scr\x64\debug\aclwidget.nativecodeanalysis.xml
e:\buaa\aclrecontructqt_cmake\scr\x64\debug\capturevideowidget.nativecodeanalysis.xml
e:\buaa\aclrecontructqt_cmake\scr\x64\debug\dialog_setting.nativecodeanalysis.xml
e:\buaa\aclrecontructqt_cmake\scr\x64\debug\dxmath.nativecodeanalysis.xml
e:\buaa\aclrecontructqt_cmake\scr\x64\debug\dxpoint.nativecodeanalysis.xml
e:\buaa\aclrecontructqt_cmake\scr\x64\debug\dxspatialmatching.nativecodeanalysis.xml
e:\buaa\aclrecontructqt_cmake\scr\x64\debug\filesystemwatcher.nativecodeanalysis.xml
e:\buaa\aclrecontructqt_cmake\scr\x64\debug\imagerectify.nativecodeanalysis.xml
e:\buaa\aclrecontructqt_cmake\scr\x64\debug\imagescene.nativecodeanalysis.xml
e:\buaa\aclrecontructqt_cmake\scr\x64\debug\imagescene_camera.nativecodeanalysis.xml
e:\buaa\aclrecontructqt_cmake\scr\x64\debug\imagescene_femur_ap.nativecodeanalysis.xml
e:\buaa\aclrecontructqt_cmake\scr\x64\debug\imagescene_femur_lat.nativecodeanalysis.xml
e:\buaa\aclrecontructqt_cmake\scr\x64\debug\imagescene_tibia_ap.nativecodeanalysis.xml
e:\buaa\aclrecontructqt_cmake\scr\x64\debug\imagescene_tibia_lat.nativecodeanalysis.xml
e:\buaa\aclrecontructqt_cmake\scr\x64\debug\lassowidget.nativecodeanalysis.xml
e:\buaa\aclrecontructqt_cmake\scr\x64\debug\main.nativecodeanalysis.xml
e:\buaa\aclrecontructqt_cmake\scr\x64\debug\moc_aclwidget.nativecodeanalysis.xml
e:\buaa\aclrecontructqt_cmake\scr\x64\debug\moc_capturevideowidget.nativecodeanalysis.xml
e:\buaa\aclrecontructqt_cmake\scr\x64\debug\moc_dialog_setting.nativecodeanalysis.xml
e:\buaa\aclrecontructqt_cmake\scr\x64\debug\moc_filesystemwatcher.nativecodeanalysis.xml
e:\buaa\aclrecontructqt_cmake\scr\x64\debug\moc_imagescene.nativecodeanalysis.xml
e:\buaa\aclrecontructqt_cmake\scr\x64\debug\moc_imagescene_camera.nativecodeanalysis.xml
e:\buaa\aclrecontructqt_cmake\scr\x64\debug\moc_imagescene_femur_ap.nativecodeanalysis.xml
e:\buaa\aclrecontructqt_cmake\scr\x64\debug\moc_imagescene_femur_lat.nativecodeanalysis.xml
e:\buaa\aclrecontructqt_cmake\scr\x64\debug\moc_imagescene_tibia_ap.nativecodeanalysis.xml
e:\buaa\aclrecontructqt_cmake\scr\x64\debug\moc_imagescene_tibia_lat.nativecodeanalysis.xml
e:\buaa\aclrecontructqt_cmake\scr\x64\debug\moc_lassowidget.nativecodeanalysis.xml
e:\buaa\aclrecontructqt_cmake\scr\x64\debug\moc_mythread.nativecodeanalysis.xml
e:\buaa\aclrecontructqt_cmake\scr\x64\debug\moc_thread_get_ndi_marker.nativecodeanalysis.xml
e:\buaa\aclrecontructqt_cmake\scr\x64\debug\moc_ur_class_test.nativecodeanalysis.xml
e:\buaa\aclrecontructqt_cmake\scr\x64\debug\moc_widget.nativecodeanalysis.xml
e:\buaa\aclrecontructqt_cmake\scr\x64\debug\mythread.nativecodeanalysis.xml
e:\buaa\aclrecontructqt_cmake\scr\x64\debug\navilabel.nativecodeanalysis.xml
e:\buaa\aclrecontructqt_cmake\scr\x64\debug\needle.nativecodeanalysis.xml
e:\buaa\aclrecontructqt_cmake\scr\x64\debug\socket.nativecodeanalysis.xml
e:\buaa\aclrecontructqt_cmake\scr\x64\debug\tablesketch_item.nativecodeanalysis.xml
e:\buaa\aclrecontructqt_cmake\scr\x64\debug\thread_get_ndi_marker.nativecodeanalysis.xml
e:\buaa\aclrecontructqt_cmake\scr\x64\debug\ur_class_test.nativecodeanalysis.xml
e:\buaa\aclrecontructqt_cmake\scr\x64\debug\ur_interface.nativecodeanalysis.xml
e:\buaa\aclrecontructqt_cmake\scr\x64\debug\widget.nativecodeanalysis.xml
e:\buaa\aclrecontructqt_cmake\scr\x64\debug\acl.tlog\cl.command.1.tlog
e:\buaa\aclrecontructqt_cmake\scr\x64\debug\acl.tlog\cl.read.1.tlog
e:\buaa\aclrecontructqt_cmake\scr\x64\debug\acl.tlog\cl.write.1.tlog
e:\buaa\aclrecontructqt_cmake\scr\x64\debug\acl.tlog\custombuild.command.1.tlog
e:\buaa\aclrecontructqt_cmake\scr\x64\debug\acl.tlog\custombuild.read.1.tlog
e:\buaa\aclrecontructqt_cmake\scr\x64\debug\acl.tlog\custombuild.write.1.tlog
e:\buaa\aclrecontructqt_cmake\scr\x64\debug\acl.tlog\link.command.1.tlog
e:\buaa\aclrecontructqt_cmake\scr\x64\debug\acl.tlog\link.read.1.tlog
e:\buaa\aclrecontructqt_cmake\scr\x64\debug\acl.tlog\link.write.1.tlog
